[1] "Value can not match the type constraint!!! (list <--> closure)"
[1] "Config the cellular graph network annotation & modelling workflow..."
List of 3
 $         : List of 2
 ..$ symbol : chr "extract_gene_table"
 ..$ value  : chr "object"

 $ app     : <NULL>
 $ context : <NULL>

List of 3
 $         : List of 2
 ..$ symbol : chr "tfbs_motif_scanning"
 ..$ value  : chr "object"

 $ app     : <NULL>
 $ context : <NULL>

List of 3
 $         : List of 2
 ..$ symbol : chr "assemble_transcript_graph"
 ..$ value  : chr "object"

 $ app     : <NULL>
 $ context : <NULL>

List of 3
 $         : List of 2
 ..$ symbol : chr "assemble_metabolic_graph"
 ..$ value  : chr "object"

 $ app     : <NULL>
 $ context : <NULL>

[1] "pipeline modules to run in current workflow:"
[1]	"assemble_RXN" 
[1] "workflow parameters:"
$src
[1] "E:/GCA_000005845.2_ASM584v2_genomic/source/NC_000913.gb"

$biocyc
[1] "F:/GCModeller/src/R-sharp/App/net6.0/biocyc"

$up_len
[1]	200 

$regprecise
[1] "F:/GCModeller/src/R-sharp/App/net6.0/RegPrecise.Xml"

[1] "workflow finalize, "
[1]	"*** Elapsed time '0.0 seconds' ***" 
