[1] "Value can not match the type constraint!!! (list <--> closure)"
[1] "Config the cellular graph network annotation & modelling workflow..."
List of 3
 $         : List of 2
 ..$ symbol : chr "extract_gene_table"
 ..$ value  : chr "object"

 $ app     : <NULL>
 $ context : <NULL>

List of 3
 $         : List of 2
 ..$ symbol : chr "tfbs_motif_scanning"
 ..$ value  : chr "object"

 $ app     : <NULL>
 $ context : <NULL>

List of 3
 $         : List of 2
 ..$ symbol : chr "assemble_transcript_graph"
 ..$ value  : chr "object"

 $ app     : <NULL>
 $ context : <NULL>

List of 3
 $         : List of 2
 ..$ symbol : chr "assemble_metabolic_graph"
 ..$ value  : chr "object"

 $ app     : <NULL>
 $ context : <NULL>

[1] "pipeline modules to run in current workflow:"
[1]	"extract_genbank_src" "extract_tfbs_motifs" "assemble_TRN"        "assemble_RXN"        
[1] "workflow parameters:"
List of 4
 $ src        : chr "E:/GCA_000005845.2_ASM584v2_genomic/source/NC_000913.gb"
 $ biocyc     : chr "F:/GCModeller/src/R-sharp/App/net6.0/biocyc"
 $ up_len     : int 200
 $ regprecise : chr "F:/GCModeller/src/R-sharp/App/net6.0/RegPrecise.Xml"

[1] "app workspace for extract gene table:"
[1]	"E:/GCA_000005845.2_ASM584v2_genomic/cellular_graph/tmp/.works/extract_genbank_src/" 
[1]	""b0149" data was duplicated!"                                 
[2]	"annotation.genomics.R#_interop::.genome.genes\[FeatureGenes]" 
[1]	""b0470" data was duplicated!"                                 
[2]	"annotation.genomics.R#_interop::.genome.genes\[FeatureGenes]" 
[1]	""b0484" data was duplicated!"                                 
[2]	"annotation.genomics.R#_interop::.genome.genes\[FeatureGenes]" 
[1]	""b1120" data was duplicated!"                                 
[2]	"annotation.genomics.R#_interop::.genome.genes\[FeatureGenes]" 
[1]	""b1888" data was duplicated!"                                 
[2]	"annotation.genomics.R#_interop::.genome.genes\[FeatureGenes]" 
[1]	""b2592" data was duplicated!"                                 
[2]	"annotation.genomics.R#_interop::.genome.genes\[FeatureGenes]" 
[1]	""b3168" data was duplicated!"                                 
[2]	"annotation.genomics.R#_interop::.genome.genes\[FeatureGenes]" 
[1]	""b4795" data was duplicated!"                                 
[2]	"annotation.genomics.R#_interop::.genome.genes\[FeatureGenes]" 
[1]	""b4616" data was duplicated!"                                 
[2]	"annotation.genomics.R#_interop::.genome.genes\[FeatureGenes]" 
[1]	""b4346" data was duplicated!"                                 
[2]	"annotation.genomics.R#_interop::.genome.genes\[FeatureGenes]" 
[1] "get genes table:"
[1]	"b0001" "b0002" "b0003" "b0004" "b0005" "b0006" "b0007" "b0008" "b0009" "b0010" "b0011" "b0012" "b0013" "b0014" "b0015" "b0016" "b0018" "b4412" "b4413" "b0019" 
[21]	"b0020" "b0021" "b0022" "b0023" "b0024" "b0025" "b0026" "b0027" "b0028" "b0029" "b0030" "b0031" "b0032" "b0033" "b0034" "b0035" "b0036" "b0037" "b0038" "b0039" 
[41]	"b0040" "b0041" "b0042" "b0043" "b0044" "b0045" "b0046" "b0047" "b0048" "b0049" "b0050" "b0051" "b0052" "b0053" "b0054" "b0055" "b0056" "b0057" "b0058" "b0059" 
[61]	"b0060" "b0061" "b0062" "b0063" "b0064" "b0065" "b0066" "b0067" "b0068" "b4762" "b0069" "b4577" "b4662" "b0070" "b0071" "b0072" "b0073" "b0074" "b0075" "b0076" 
[81]	"b4726" "b0077" "b0078" "b0080" "b0081" "b0082" "b0083" "b0084" "b4810" "b0085" "b0086" "b0087" "b0088" "b0089" "b0090" "b0091" "b0092" "b0093" "b0094" "b0095" 
[ reached getOption("max.print") -- omitted 4411 entries ]
[1] "bp size for parse the gene upstream loci:"
int 200
[1]	""b0149" data was duplicated!"                                      
[2]	"annotation.genomics.R#_interop::.write.PTT_tabular\[FeatureGenes]" 
[1]	""b0470" data was duplicated!"                                      
[2]	"annotation.genomics.R#_interop::.write.PTT_tabular\[FeatureGenes]" 
[1]	""b0484" data was duplicated!"                                      
[2]	"annotation.genomics.R#_interop::.write.PTT_tabular\[FeatureGenes]" 
[1]	""b1120" data was duplicated!"                                      
[2]	"annotation.genomics.R#_interop::.write.PTT_tabular\[FeatureGenes]" 
[1]	""b1888" data was duplicated!"                                      
[2]	"annotation.genomics.R#_interop::.write.PTT_tabular\[FeatureGenes]" 
[1]	""b2592" data was duplicated!"                                      
[2]	"annotation.genomics.R#_interop::.write.PTT_tabular\[FeatureGenes]" 
[1]	""b3168" data was duplicated!"                                      
[2]	"annotation.genomics.R#_interop::.write.PTT_tabular\[FeatureGenes]" 
[1]	""b4795" data was duplicated!"                                      
[2]	"annotation.genomics.R#_interop::.write.PTT_tabular\[FeatureGenes]" 
[1]	""b4616" data was duplicated!"                                      
[2]	"annotation.genomics.R#_interop::.write.PTT_tabular\[FeatureGenes]" 
[1]	""b4346" data was duplicated!"                                      
[2]	"annotation.genomics.R#_interop::.write.PTT_tabular\[FeatureGenes]" 
