[1] "Value can not match the type constraint!!! (list <--> closure)"
[1] "Config the cellular graph network annotation & modelling workflow..."
List of 3
 $         : List of 2
 ..$ symbol : chr "extract_gene_table"
 ..$ value  : chr "object"

 $ app     : <NULL>
 $ context : <NULL>

List of 3
 $         : List of 2
 ..$ symbol : chr "tfbs_motif_scanning"
 ..$ value  : chr "object"

 $ app     : <NULL>
 $ context : <NULL>

List of 3
 $         : List of 2
 ..$ symbol : chr "assemble_transcript_graph"
 ..$ value  : chr "object"

 $ app     : <NULL>
 $ context : <NULL>

List of 3
 $         : List of 2
 ..$ symbol : chr "assemble_metabolic_graph"
 ..$ value  : chr "object"

 $ app     : <NULL>
 $ context : <NULL>

[1] "pipeline modules to run in current workflow:"
[1]	"extract_genbank_src" "extract_tfbs_motifs" "assemble_TRN"        "assemble_RXN"        
[1] "workflow parameters:"
List of 4
 $ src        : chr "E:/GCA_000005845.2_ASM584v2_genomic/source/NC_000913.gb"
 $ biocyc     : chr "F:/GCModeller/src/R-sharp/App/net6.0/biocyc"
 $ up_len     : int 150
 $ regprecise : chr "F:/GCModeller/src/R-sharp/App/net6.0/RegPrecise.Xml"

[1] "app workspace for extract gene table:"
[1]	"E:/GCA_000005845.2_ASM584v2_genomic/cellular_graph/tmp/.works/extract_genbank_src/" 
[1]	""b0149" data was duplicated!"                                 
[2]	"annotation.genomics.R#_interop::.genome.genes\[FeatureGenes]" 
[1]	""b0470" data was duplicated!"                                 
[2]	"annotation.genomics.R#_interop::.genome.genes\[FeatureGenes]" 
[1]	""b0484" data was duplicated!"                                 
[2]	"annotation.genomics.R#_interop::.genome.genes\[FeatureGenes]" 
[1]	""b1120" data was duplicated!"                                 
[2]	"annotation.genomics.R#_interop::.genome.genes\[FeatureGenes]" 
[1]	""b1888" data was duplicated!"                                 
[2]	"annotation.genomics.R#_interop::.genome.genes\[FeatureGenes]" 
[1]	""b2592" data was duplicated!"                                 
[2]	"annotation.genomics.R#_interop::.genome.genes\[FeatureGenes]" 
[1]	""b3168" data was duplicated!"                                 
[2]	"annotation.genomics.R#_interop::.genome.genes\[FeatureGenes]" 
[1]	""b4795" data was duplicated!"                                 
[2]	"annotation.genomics.R#_interop::.genome.genes\[FeatureGenes]" 
[1]	""b4616" data was duplicated!"                                 
[2]	"annotation.genomics.R#_interop::.genome.genes\[FeatureGenes]" 
[1]	""b4346" data was duplicated!"                                 
[2]	"annotation.genomics.R#_interop::.genome.genes\[FeatureGenes]" 
[1] "get genes table:"
[1]	"b0001" "b0002" "b0003" "b0004" "b0005" "b0006" "b0007" "b0008" "b0009" "b0010" "b0011" "b0012" "b0013" "b0014" "b0015" "b0016" "b0018" "b4412" "b4413" "b0019" 
[21]	"b0020" "b0021" "b0022" "b0023" "b0024" "b0025" "b0026" "b0027" "b0028" "b0029" "b0030" "b0031" "b0032" "b0033" "b0034" "b0035" "b0036" "b0037" "b0038" "b0039" 
[41]	"b0040" "b0041" "b0042" "b0043" "b0044" "b0045" "b0046" "b0047" "b0048" "b0049" "b0050" "b0051" "b0052" "b0053" "b0054" "b0055" "b0056" "b0057" "b0058" "b0059" 
[61]	"b0060" "b0061" "b0062" "b0063" "b0064" "b0065" "b0066" "b0067" "b0068" "b4762" "b0069" "b4577" "b4662" "b0070" "b0071" "b0072" "b0073" "b0074" "b0075" "b0076" 
[81]	"b4726" "b0077" "b0078" "b0080" "b0081" "b0082" "b0083" "b0084" "b4810" "b0085" "b0086" "b0087" "b0088" "b0089" "b0090" "b0091" "b0092" "b0093" "b0094" "b0095" 
[ reached getOption("max.print") -- omitted 4411 entries ]
[1] "bp size for parse the gene upstream loci:"
int 150
[1] "view upstream locis:"
[1]	"b0001|Escherichia coli str. K-12 substr. MG1655, complete genome. 4641652bp [4641548, 4641613]" 
[2]	"b0002|Escherichia coli str. K-12 substr. MG1655, complete genome. 4641652bp [4639004, 4641466]" 
[3]	"b0003|Escherichia coli str. K-12 substr. MG1655, complete genome. 4641652bp [4638070, 4639002]" 
[4]	"b0004|Escherichia coli str. K-12 substr. MG1655, complete genome. 4641652bp [4636783, 4638069]" 
[5]	"b0005|Escherichia coli str. K-12 substr. MG1655, complete genome. 4641652bp [4636273, 4636569]" 
[6]	"b0006|Escherichia coli str. K-12 substr. MG1655, complete genome. 4641652bp [4635044, 4635820]" 
[7]	"b0007|Escherichia coli str. K-12 substr. MG1655, complete genome. 4641652bp [4633544, 4634974]" 
[8]	"b0008|Escherichia coli str. K-12 substr. MG1655, complete genome. 4641652bp [4632612, 4633565]" 
[9]	"b0009|Escherichia coli str. K-12 substr. MG1655, complete genome. 4641652bp [4631910, 4632497]" 
[10]	"b0010|Escherichia coli str. K-12 substr. MG1655, complete genome. 4641652bp [4631009, 4631575]" 
[11]	"b0011|Escherichia coli str. K-12 substr. MG1655, complete genome. 4641652bp [4630147, 4630860]" 
[12]	"b0012|Escherichia coli str. K-12 substr. MG1655, complete genome. 4641652bp [4630488, 4630973]" 
[13]	"b0013|Escherichia coli str. K-12 substr. MG1655, complete genome. 4641652bp [4629717, 4630121]" 
[14]	"b0014|Escherichia coli str. K-12 substr. MG1655, complete genome. 4641652bp [4627724, 4629640]" 
[15]	"b0015|Escherichia coli str. K-12 substr. MG1655, complete genome. 4641652bp [4626505, 4627635]" 
[16]	"b0016|Escherichia coli str. K-12 substr. MG1655, complete genome. 4641652bp [4625246, 4626358]" 
[17]	"b0018|Escherichia coli str. K-12 substr. MG1655, complete genome. 4641652bp [4624543, 4624752]" 
[18]	"b4412|Escherichia coli str. K-12 substr. MG1655, complete genome. 4641652bp [4624600, 4624752]" 
[19]	"b4413|Escherichia coli str. K-12 substr. MG1655, complete genome. 4641652bp [4624793, 4624851]" 
[20]	"b0019|Escherichia coli str. K-12 substr. MG1655, complete genome. 4641652bp [4623148, 4624314]" 
[21]	"b0020|Escherichia coli str. K-12 substr. MG1655, complete genome. 4641652bp [4622183, 4623088]" 
[22]	"b0021|Escherichia coli str. K-12 substr. MG1655, complete genome. 4641652bp [4621189, 4621692]" 
[23]	"b0022|Escherichia coli str. K-12 substr. MG1655, complete genome. 4641652bp [4620995, 4621270]" 
[24]	"b0023|Escherichia coli str. K-12 substr. MG1655, complete genome. 4641652bp [4620425, 4620688]" 
[25]	"b0024|Escherichia coli str. K-12 substr. MG1655, complete genome. 4641652bp [4620404, 4620622]" 
[26]	"b0025|Escherichia coli str. K-12 substr. MG1655, complete genome. 4641652bp [4619455, 4620396]" 
[27]	"b0026|Escherichia coli str. K-12 substr. MG1655, complete genome. 4641652bp [4616596, 4619412]" 
[28]	"b0027|Escherichia coli str. K-12 substr. MG1655, complete genome. 4641652bp [4616102, 4616596]" 
[29]	"b0028|Escherichia coli str. K-12 substr. MG1655, complete genome. 4641652bp [4615528, 4615977]" 
[30]	"b0029|Escherichia coli str. K-12 substr. MG1655, complete genome. 4641652bp [4614576, 4615526]" 
[31]	"b0030|Escherichia coli str. K-12 substr. MG1655, complete genome. 4641652bp [4613596, 4614510]" 
[32]	"b0031|Escherichia coli str. K-12 substr. MG1655, complete genome. 4641652bp [4612608, 4613429]" 
[33]	"b0032|Escherichia coli str. K-12 substr. MG1655, complete genome. 4641652bp [4611004, 4612152]" 
[34]	"b0033|Escherichia coli str. K-12 substr. MG1655, complete genome. 4641652bp [4607765, 4610986]" 
[35]	"b0034|Escherichia coli str. K-12 substr. MG1655, complete genome. 4641652bp [4607108, 4607503]" 
[36]	"b0035|Escherichia coli str. K-12 substr. MG1655, complete genome. 4641652bp [4606132, 4606722]" 
[37]	"b0036|Escherichia coli str. K-12 substr. MG1655, complete genome. 4641652bp [4605341, 4606126]" 
[38]	"b0037|Escherichia coli str. K-12 substr. MG1655, complete genome. 4641652bp [4603679, 4605232]" 
[39]	"b0038|Escherichia coli str. K-12 substr. MG1655, complete genome. 4641652bp [4602388, 4603605]" 
[40]	"b0039|Escherichia coli str. K-12 substr. MG1655, complete genome. 4641652bp [4601117, 4602259]" 
[41]	"b0040|Escherichia coli str. K-12 substr. MG1655, complete genome. 4641652bp [4599572, 4601086]" 
[42]	"b0041|Escherichia coli str. K-12 substr. MG1655, complete genome. 4641652bp [4598630, 4599400]" 
[43]	"b0042|Escherichia coli str. K-12 substr. MG1655, complete genome. 4641652bp [4597674, 4598615]" 
[44]	"b0043|Escherichia coli str. K-12 substr. MG1655, complete genome. 4641652bp [4596337, 4597623]" 
[45]	"b0044|Escherichia coli str. K-12 substr. MG1655, complete genome. 4641652bp [4596053, 4596340]" 
[46]	"b0045|Escherichia coli str. K-12 substr. MG1655, complete genome. 4641652bp [4594665, 4595996]" 
[47]	"b0046|Escherichia coli str. K-12 substr. MG1655, complete genome. 4641652bp [4594027, 4594557]" 
[48]	"b0047|Escherichia coli str. K-12 substr. MG1655, complete genome. 4641652bp [4592172, 4594034]" 
[49]	"b0048|Escherichia coli str. K-12 substr. MG1655, complete genome. 4641652bp [4591501, 4591980]" 
[50]	"b0049|Escherichia coli str. K-12 substr. MG1655, complete genome. 4641652bp [4590281, 4591123]" 
[51]	"b0050|Escherichia coli str. K-12 substr. MG1655, complete genome. 4641652bp [4589897, 4590274]" 
[52]	"b0051|Escherichia coli str. K-12 substr. MG1655, complete genome. 4641652bp [4589073, 4589894]" 
[53]	"b0052|Escherichia coli str. K-12 substr. MG1655, complete genome. 4641652bp [4588087, 4589076]" 
[54]	"b0053|Escherichia coli str. K-12 substr. MG1655, complete genome. 4641652bp [4586801, 4588087]" 
[55]	"b0054|Escherichia coli str. K-12 substr. MG1655, complete genome. 4641652bp [4584394, 4586748]" 
[56]	"b0055|Escherichia coli str. K-12 substr. MG1655, complete genome. 4641652bp [4583624, 4584439]" 
[57]	"b0056|Escherichia coli str. K-12 substr. MG1655, complete genome. 4641652bp [4582679, 4583329]" 
[58]	"b0057|Escherichia coli str. K-12 substr. MG1655, complete genome. 4641652bp [4582524, 4582682]" 
[59]	"b0058|Escherichia coli str. K-12 substr. MG1655, complete genome. 4641652bp [4581157, 4581816]" 
[60]	"b0059|Escherichia coli str. K-12 substr. MG1655, complete genome. 4641652bp [4578239, 4581145]" 
[61]	"b0060|Escherichia coli str. K-12 substr. MG1655, complete genome. 4641652bp [4575723, 4578074]" 
[62]	"b0061|Escherichia coli str. K-12 substr. MG1655, complete genome. 4641652bp [4574953, 4575648]" 
[63]	"b0062|Escherichia coli str. K-12 substr. MG1655, complete genome. 4641652bp [4573166, 4574668]" 
[64]	"b0063|Escherichia coli str. K-12 substr. MG1655, complete genome. 4641652bp [4571455, 4573155]" 
[65]	"b0064|Escherichia coli str. K-12 substr. MG1655, complete genome. 4641652bp [4570538, 4571416]" 
[66]	"b0065|Escherichia coli str. K-12 substr. MG1655, complete genome. 4641652bp [4569688, 4570452]" 
[67]	"b0066|Escherichia coli str. K-12 substr. MG1655, complete genome. 4641652bp [4568576, 4569274]" 
[68]	"b0067|Escherichia coli str. K-12 substr. MG1655, complete genome. 4641652bp [4566982, 4568592]" 
[69]	"b0068|Escherichia coli str. K-12 substr. MG1655, complete genome. 4641652bp [4566023, 4567006]" 
[70]	"b4762|Escherichia coli str. K-12 substr. MG1655, complete genome. 4641652bp [4565895, 4565987]" 
[71]	"b0069|Escherichia coli str. K-12 substr. MG1655, complete genome. 4641652bp [4564204, 4565859]" 
[72]	"b4577|Escherichia coli str. K-12 substr. MG1655, complete genome. 4641652bp [4564210, 4564436]" 
[73]	"b4662|Escherichia coli str. K-12 substr. MG1655, complete genome. 4641652bp [4564284, 4564415]" 
[74]	"b0070|Escherichia coli str. K-12 substr. MG1655, complete genome. 4641652bp [4563004, 4564182]" 
[75]	"b0071|Escherichia coli str. K-12 substr. MG1655, complete genome. 4641652bp [4562050, 4562655]" 
[76]	"b0072|Escherichia coli str. K-12 substr. MG1655, complete genome. 4641652bp [4560639, 4562039]" 
[77]	"b0073|Escherichia coli str. K-12 substr. MG1655, complete genome. 4641652bp [4559545, 4560636]" 
[78]	"b0074|Escherichia coli str. K-12 substr. MG1655, complete genome. 4641652bp [4557974, 4559545]" 
[79]	"b0075|Escherichia coli str. K-12 substr. MG1655, complete genome. 4641652bp [4557795, 4557881]" 
[80]	"b0076|Escherichia coli str. K-12 substr. MG1655, complete genome. 4641652bp [4556491, 4557435]" 
[81]	"b4726|Escherichia coli str. K-12 substr. MG1655, complete genome. 4641652bp [4555992, 4556036]" 
[82]	"b0077|Escherichia coli str. K-12 substr. MG1655, complete genome. 4641652bp [4554449, 4556173]" 
[83]	"b0078|Escherichia coli str. K-12 substr. MG1655, complete genome. 4641652bp [4553955, 4554446]" 
[84]	"b0080|Escherichia coli str. K-12 substr. MG1655, complete genome. 4641652bp [4552771, 4553775]" 
[85]	"b0081|Escherichia coli str. K-12 substr. MG1655, complete genome. 4641652bp [4551711, 4552169]" 
[86]	"b0082|Escherichia coli str. K-12 substr. MG1655, complete genome. 4641652bp [4550768, 4551709]" 
[87]	"b0083|Escherichia coli str. K-12 substr. MG1655, complete genome. 4641652bp [4550406, 4550771]" 
[88]	"b0084|Escherichia coli str. K-12 substr. MG1655, complete genome. 4641652bp [4548624, 4550390]" 
[89]	"b4810|Escherichia coli str. K-12 substr. MG1655, complete genome. 4641652bp [4549145, 4549318]" 
[90]	"b0085|Escherichia coli str. K-12 substr. MG1655, complete genome. 4641652bp [4547150, 4548637]" 
[91]	"b0086|Escherichia coli str. K-12 substr. MG1655, complete genome. 4641652bp [4545795, 4547153]" 
[92]	"b0087|Escherichia coli str. K-12 substr. MG1655, complete genome. 4641652bp [4544719, 4545801]" 
[93]	"b0088|Escherichia coli str. K-12 substr. MG1655, complete genome. 4641652bp [4543400, 4544716]" 
[94]	"b0089|Escherichia coli str. K-12 substr. MG1655, complete genome. 4641652bp [4542156, 4543400]" 
[95]	"b0090|Escherichia coli str. K-12 substr. MG1655, complete genome. 4641652bp [4541092, 4542159]" 
[96]	"b0091|Escherichia coli str. K-12 substr. MG1655, complete genome. 4641652bp [4539563, 4541038]" 
[97]	"b0092|Escherichia coli str. K-12 substr. MG1655, complete genome. 4641652bp [4538650, 4539570]" 
[98]	"b0093|Escherichia coli str. K-12 substr. MG1655, complete genome. 4641652bp [4537818, 4538648]" 
[99]	"b0094|Escherichia coli str. K-12 substr. MG1655, complete genome. 4641652bp [4536559, 4537821]" 
[100]	"b0095|Escherichia coli str. K-12 substr. MG1655, complete genome. 4641652bp [4535347, 4536498]" 
[ reached getOption("max.print") -- omitted 4411 entries ]
[1]	""b0149" data was duplicated!"                                      
[2]	"annotation.genomics.R#_interop::.write.PTT_tabular\[FeatureGenes]" 
[1]	""b0470" data was duplicated!"                                      
[2]	"annotation.genomics.R#_interop::.write.PTT_tabular\[FeatureGenes]" 
[1]	""b0484" data was duplicated!"                                      
[2]	"annotation.genomics.R#_interop::.write.PTT_tabular\[FeatureGenes]" 
[1]	""b1120" data was duplicated!"                                      
[2]	"annotation.genomics.R#_interop::.write.PTT_tabular\[FeatureGenes]" 
[1]	""b1888" data was duplicated!"                                      
[2]	"annotation.genomics.R#_interop::.write.PTT_tabular\[FeatureGenes]" 
[1]	""b2592" data was duplicated!"                                      
[2]	"annotation.genomics.R#_interop::.write.PTT_tabular\[FeatureGenes]" 
[1]	""b3168" data was duplicated!"                                      
[2]	"annotation.genomics.R#_interop::.write.PTT_tabular\[FeatureGenes]" 
[1]	""b4795" data was duplicated!"                                      
[2]	"annotation.genomics.R#_interop::.write.PTT_tabular\[FeatureGenes]" 
[1]	""b4616" data was duplicated!"                                      
[2]	"annotation.genomics.R#_interop::.write.PTT_tabular\[FeatureGenes]" 
[1]	""b4346" data was duplicated!"                                      
[2]	"annotation.genomics.R#_interop::.write.PTT_tabular\[FeatureGenes]" 
[1] "[1/4511, 00 days, 00:00:00.005 | 195.21sequence/sec] 0% 0 seeds | b0559|Escherichia coli str. K-12 substr. MG1655, complete genome. 4641652bp [4061717, 4061923]"
[1] "[46/4511, 00 days, 00:00:27.701 | 1.66sequence/sec] 1% 316 seeds | b0600|Escherichia coli str. K-12 substr. MG1655, complete genome. 4641652bp [4007057, 4008217]"
[1] "[91/4511, 00 days, 00:00:58.043 | 1.57sequence/sec] 2% 842 seeds | b0383|Escherichia coli str. K-12 substr. MG1655, complete genome. 4641652bp [4238641, 4240056]"
[1] "[136/4511, 00 days, 00:01:36.019 | 1.42sequence/sec] 3% 1372 seeds | b0655|Escherichia coli str. K-12 substr. MG1655, complete genome. 4641652bp [3953756, 3954664]"
