[1] "Value can not match the type constraint!!! (list <--> closure)"
List of 3
 $         : List of 2
 ..$ symbol : chr "extract_gene_table"
 ..$ value  : chr "object"

 $ app     : <NULL>
 $ context : <NULL>

List of 3
 $         : List of 2
 ..$ symbol : chr "tfbs_motif_scanning"
 ..$ value  : chr "object"

 $ app     : <NULL>
 $ context : <NULL>

List of 3
 $         : List of 2
 ..$ symbol : chr "assemble_transcript_graph"
 ..$ value  : chr "object"

 $ app     : <NULL>
 $ context : <NULL>

List of 3
 $         : List of 2
 ..$ symbol : chr "assemble_metabolic_graph"
 ..$ value  : chr "object"

 $ app     : <NULL>
 $ context : <NULL>

[1] "workflow finalize, "
[1]	"*** Elapsed time '0.0 seconds' ***" 
