[1] "Value can not match the type constraint!!! (list <--> closure)"
[1] "Config the cellular graph network annotation & modelling workflow..."
List of 3
 $         : List of 2
 ..$ symbol : chr "extract_gene_table"
 ..$ value  : chr "object"

 $ app     : <NULL>
 $ context : <NULL>

List of 3
 $         : List of 2
 ..$ symbol : chr "tfbs_motif_scanning"
 ..$ value  : chr "object"

 $ app     : <NULL>
 $ context : <NULL>

List of 3
 $         : List of 2
 ..$ symbol : chr "assemble_transcript_graph"
 ..$ value  : chr "object"

 $ app     : <NULL>
 $ context : <NULL>

List of 3
 $         : List of 2
 ..$ symbol : chr "assemble_metabolic_graph"
 ..$ value  : chr "object"

 $ app     : <NULL>
 $ context : <NULL>

[1] "pipeline modules to run in current workflow:"
[1]	"extract_genbank_src" "extract_tfbs_motifs" "assemble_TRN"        "assemble_RXN"        
[1] "workflow parameters:"
List of 4
 $ src        : chr "E:/GCA_000005845.2_ASM584v2_genomic/source/NC_000913.gb"
 $ biocyc     : chr "F:/GCModeller/src/R-sharp/App/net6.0/biocyc"
 $ up_len     : int 150
 $ regprecise : chr "F:/GCModeller/src/R-sharp/App/net6.0/RegPrecise.Xml"

[1] "app workspace for extract gene table:"
[1]	"E:/GCA_000005845.2_ASM584v2_genomic/cellular_graph/tmp/.works/extract_genbank_src/" 
[1]	""b0149" data was duplicated!"                                 
[2]	"annotation.genomics.R#_interop::.genome.genes\[FeatureGenes]" 
[1]	""b0470" data was duplicated!"                                 
[2]	"annotation.genomics.R#_interop::.genome.genes\[FeatureGenes]" 
[1]	""b0484" data was duplicated!"                                 
[2]	"annotation.genomics.R#_interop::.genome.genes\[FeatureGenes]" 
[1]	""b1120" data was duplicated!"                                 
[2]	"annotation.genomics.R#_interop::.genome.genes\[FeatureGenes]" 
[1]	""b1888" data was duplicated!"                                 
[2]	"annotation.genomics.R#_interop::.genome.genes\[FeatureGenes]" 
[1]	""b2592" data was duplicated!"                                 
[2]	"annotation.genomics.R#_interop::.genome.genes\[FeatureGenes]" 
[1]	""b3168" data was duplicated!"                                 
[2]	"annotation.genomics.R#_interop::.genome.genes\[FeatureGenes]" 
[1]	""b4795" data was duplicated!"                                 
[2]	"annotation.genomics.R#_interop::.genome.genes\[FeatureGenes]" 
[1]	""b4616" data was duplicated!"                                 
[2]	"annotation.genomics.R#_interop::.genome.genes\[FeatureGenes]" 
[1]	""b4346" data was duplicated!"                                 
[2]	"annotation.genomics.R#_interop::.genome.genes\[FeatureGenes]" 
[1] "get genes table:"
[1]	"b0001" "b0002" "b0003" "b0004" "b0005" "b0006" "b0007" "b0008" "b0009" "b0010" "b0011" "b0012" "b0013" "b0014" "b0015" "b0016" "b0018" "b4412" "b4413" "b0019" 
[21]	"b0020" "b0021" "b0022" "b0023" "b0024" "b0025" "b0026" "b0027" "b0028" "b0029" "b0030" "b0031" "b0032" "b0033" "b0034" "b0035" "b0036" "b0037" "b0038" "b0039" 
[41]	"b0040" "b0041" "b0042" "b0043" "b0044" "b0045" "b0046" "b0047" "b0048" "b0049" "b0050" "b0051" "b0052" "b0053" "b0054" "b0055" "b0056" "b0057" "b0058" "b0059" 
[61]	"b0060" "b0061" "b0062" "b0063" "b0064" "b0065" "b0066" "b0067" "b0068" "b4762" "b0069" "b4577" "b4662" "b0070" "b0071" "b0072" "b0073" "b0074" "b0075" "b0076" 
[81]	"b4726" "b0077" "b0078" "b0080" "b0081" "b0082" "b0083" "b0084" "b4810" "b0085" "b0086" "b0087" "b0088" "b0089" "b0090" "b0091" "b0092" "b0093" "b0094" "b0095" 
[ reached getOption("max.print") -- omitted 4411 entries ]
[1] "bp size for parse the gene upstream loci:"
int 150
[1] "view upstream locis:"
[1]	"b0001|Escherichia coli str. K-12 substr. MG1655, complete genome. 4641652bp [4641548, 4641613]" 
[2]	"b0002|Escherichia coli str. K-12 substr. MG1655, complete genome. 4641652bp [4639004, 4641466]" 
[3]	"b0003|Escherichia coli str. K-12 substr. MG1655, complete genome. 4641652bp [4638070, 4639002]" 
[4]	"b0004|Escherichia coli str. K-12 substr. MG1655, complete genome. 4641652bp [4636783, 4638069]" 
[5]	"b0005|Escherichia coli str. K-12 substr. MG1655, complete genome. 4641652bp [4636273, 4636569]" 
[6]	"b0006|Escherichia coli str. K-12 substr. MG1655, complete genome. 4641652bp [4635044, 4635820]" 
[7]	"b0007|Escherichia coli str. K-12 substr. MG1655, complete genome. 4641652bp [4633544, 4634974]" 
[8]	"b0008|Escherichia coli str. K-12 substr. MG1655, complete genome. 4641652bp [4632612, 4633565]" 
[9]	"b0009|Escherichia coli str. K-12 substr. MG1655, complete genome. 4641652bp [4631910, 4632497]" 
[10]	"b0010|Escherichia coli str. K-12 substr. MG1655, complete genome. 4641652bp [4631009, 4631575]" 
[11]	"b0011|Escherichia coli str. K-12 substr. MG1655, complete genome. 4641652bp [4630147, 4630860]" 
[12]	"b0012|Escherichia coli str. K-12 substr. MG1655, complete genome. 4641652bp [4630488, 4630973]" 
[13]	"b0013|Escherichia coli str. K-12 substr. MG1655, complete genome. 4641652bp [4629717, 4630121]" 
[14]	"b0014|Escherichia coli str. K-12 substr. MG1655, complete genome. 4641652bp [4627724, 4629640]" 
[15]	"b0015|Escherichia coli str. K-12 substr. MG1655, complete genome. 4641652bp [4626505, 4627635]" 
[16]	"b0016|Escherichia coli str. K-12 substr. MG1655, complete genome. 4641652bp [4625246, 4626358]" 
[17]	"b0018|Escherichia coli str. K-12 substr. MG1655, complete genome. 4641652bp [4624543, 4624752]" 
[18]	"b4412|Escherichia coli str. K-12 substr. MG1655, complete genome. 4641652bp [4624600, 4624752]" 
[19]	"b4413|Escherichia coli str. K-12 substr. MG1655, complete genome. 4641652bp [4624793, 4624851]" 
[20]	"b0019|Escherichia coli str. K-12 substr. MG1655, complete genome. 4641652bp [4623148, 4624314]" 
[21]	"b0020|Escherichia coli str. K-12 substr. MG1655, complete genome. 4641652bp [4622183, 4623088]" 
[22]	"b0021|Escherichia coli str. K-12 substr. MG1655, complete genome. 4641652bp [4621189, 4621692]" 
[23]	"b0022|Escherichia coli str. K-12 substr. MG1655, complete genome. 4641652bp [4620995, 4621270]" 
[24]	"b0023|Escherichia coli str. K-12 substr. MG1655, complete genome. 4641652bp [4620425, 4620688]" 
[25]	"b0024|Escherichia coli str. K-12 substr. MG1655, complete genome. 4641652bp [4620404, 4620622]" 
[26]	"b0025|Escherichia coli str. K-12 substr. MG1655, complete genome. 4641652bp [4619455, 4620396]" 
[27]	"b0026|Escherichia coli str. K-12 substr. MG1655, complete genome. 4641652bp [4616596, 4619412]" 
[28]	"b0027|Escherichia coli str. K-12 substr. MG1655, complete genome. 4641652bp [4616102, 4616596]" 
[29]	"b0028|Escherichia coli str. K-12 substr. MG1655, complete genome. 4641652bp [4615528, 4615977]" 
[30]	"b0029|Escherichia coli str. K-12 substr. MG1655, complete genome. 4641652bp [4614576, 4615526]" 
[31]	"b0030|Escherichia coli str. K-12 substr. MG1655, complete genome. 4641652bp [4613596, 4614510]" 
[32]	"b0031|Escherichia coli str. K-12 substr. MG1655, complete genome. 4641652bp [4612608, 4613429]" 
[33]	"b0032|Escherichia coli str. K-12 substr. MG1655, complete genome. 4641652bp [4611004, 4612152]" 
[34]	"b0033|Escherichia coli str. K-12 substr. MG1655, complete genome. 4641652bp [4607765, 4610986]" 
[35]	"b0034|Escherichia coli str. K-12 substr. MG1655, complete genome. 4641652bp [4607108, 4607503]" 
[36]	"b0035|Escherichia coli str. K-12 substr. MG1655, complete genome. 4641652bp [4606132, 4606722]" 
[37]	"b0036|Escherichia coli str. K-12 substr. MG1655, complete genome. 4641652bp [4605341, 4606126]" 
[38]	"b0037|Escherichia coli str. K-12 substr. MG1655, complete genome. 4641652bp [4603679, 4605232]" 
[39]	"b0038|Escherichia coli str. K-12 substr. MG1655, complete genome. 4641652bp [4602388, 4603605]" 
[40]	"b0039|Escherichia coli str. K-12 substr. MG1655, complete genome. 4641652bp [4601117, 4602259]" 
[41]	"b0040|Escherichia coli str. K-12 substr. MG1655, complete genome. 4641652bp [4599572, 4601086]" 
[42]	"b0041|Escherichia coli str. K-12 substr. MG1655, complete genome. 4641652bp [4598630, 4599400]" 
[43]	"b0042|Escherichia coli str. K-12 substr. MG1655, complete genome. 4641652bp [4597674, 4598615]" 
[44]	"b0043|Escherichia coli str. K-12 substr. MG1655, complete genome. 4641652bp [4596337, 4597623]" 
[45]	"b0044|Escherichia coli str. K-12 substr. MG1655, complete genome. 4641652bp [4596053, 4596340]" 
[46]	"b0045|Escherichia coli str. K-12 substr. MG1655, complete genome. 4641652bp [4594665, 4595996]" 
[47]	"b0046|Escherichia coli str. K-12 substr. MG1655, complete genome. 4641652bp [4594027, 4594557]" 
[48]	"b0047|Escherichia coli str. K-12 substr. MG1655, complete genome. 4641652bp [4592172, 4594034]" 
[49]	"b0048|Escherichia coli str. K-12 substr. MG1655, complete genome. 4641652bp [4591501, 4591980]" 
[50]	"b0049|Escherichia coli str. K-12 substr. MG1655, complete genome. 4641652bp [4590281, 4591123]" 
[51]	"b0050|Escherichia coli str. K-12 substr. MG1655, complete genome. 4641652bp [4589897, 4590274]" 
[52]	"b0051|Escherichia coli str. K-12 substr. MG1655, complete genome. 4641652bp [4589073, 4589894]" 
[53]	"b0052|Escherichia coli str. K-12 substr. MG1655, complete genome. 4641652bp [4588087, 4589076]" 
[54]	"b0053|Escherichia coli str. K-12 substr. MG1655, complete genome. 4641652bp [4586801, 4588087]" 
[55]	"b0054|Escherichia coli str. K-12 substr. MG1655, complete genome. 4641652bp [4584394, 4586748]" 
[56]	"b0055|Escherichia coli str. K-12 substr. MG1655, complete genome. 4641652bp [4583624, 4584439]" 
[57]	"b0056|Escherichia coli str. K-12 substr. MG1655, complete genome. 4641652bp [4582679, 4583329]" 
[58]	"b0057|Escherichia coli str. K-12 substr. MG1655, complete genome. 4641652bp [4582524, 4582682]" 
[59]	"b0058|Escherichia coli str. K-12 substr. MG1655, complete genome. 4641652bp [4581157, 4581816]" 
[60]	"b0059|Escherichia coli str. K-12 substr. MG1655, complete genome. 4641652bp [4578239, 4581145]" 
[61]	"b0060|Escherichia coli str. K-12 substr. MG1655, complete genome. 4641652bp [4575723, 4578074]" 
[62]	"b0061|Escherichia coli str. K-12 substr. MG1655, complete genome. 4641652bp [4574953, 4575648]" 
[63]	"b0062|Escherichia coli str. K-12 substr. MG1655, complete genome. 4641652bp [4573166, 4574668]" 
[64]	"b0063|Escherichia coli str. K-12 substr. MG1655, complete genome. 4641652bp [4571455, 4573155]" 
[65]	"b0064|Escherichia coli str. K-12 substr. MG1655, complete genome. 4641652bp [4570538, 4571416]" 
[66]	"b0065|Escherichia coli str. K-12 substr. MG1655, complete genome. 4641652bp [4569688, 4570452]" 
[67]	"b0066|Escherichia coli str. K-12 substr. MG1655, complete genome. 4641652bp [4568576, 4569274]" 
[68]	"b0067|Escherichia coli str. K-12 substr. MG1655, complete genome. 4641652bp [4566982, 4568592]" 
[69]	"b0068|Escherichia coli str. K-12 substr. MG1655, complete genome. 4641652bp [4566023, 4567006]" 
[70]	"b4762|Escherichia coli str. K-12 substr. MG1655, complete genome. 4641652bp [4565895, 4565987]" 
[71]	"b0069|Escherichia coli str. K-12 substr. MG1655, complete genome. 4641652bp [4564204, 4565859]" 
[72]	"b4577|Escherichia coli str. K-12 substr. MG1655, complete genome. 4641652bp [4564210, 4564436]" 
[73]	"b4662|Escherichia coli str. K-12 substr. MG1655, complete genome. 4641652bp [4564284, 4564415]" 
[74]	"b0070|Escherichia coli str. K-12 substr. MG1655, complete genome. 4641652bp [4563004, 4564182]" 
[75]	"b0071|Escherichia coli str. K-12 substr. MG1655, complete genome. 4641652bp [4562050, 4562655]" 
[76]	"b0072|Escherichia coli str. K-12 substr. MG1655, complete genome. 4641652bp [4560639, 4562039]" 
[77]	"b0073|Escherichia coli str. K-12 substr. MG1655, complete genome. 4641652bp [4559545, 4560636]" 
[78]	"b0074|Escherichia coli str. K-12 substr. MG1655, complete genome. 4641652bp [4557974, 4559545]" 
[79]	"b0075|Escherichia coli str. K-12 substr. MG1655, complete genome. 4641652bp [4557795, 4557881]" 
[80]	"b0076|Escherichia coli str. K-12 substr. MG1655, complete genome. 4641652bp [4556491, 4557435]" 
[81]	"b4726|Escherichia coli str. K-12 substr. MG1655, complete genome. 4641652bp [4555992, 4556036]" 
[82]	"b0077|Escherichia coli str. K-12 substr. MG1655, complete genome. 4641652bp [4554449, 4556173]" 
[83]	"b0078|Escherichia coli str. K-12 substr. MG1655, complete genome. 4641652bp [4553955, 4554446]" 
[84]	"b0080|Escherichia coli str. K-12 substr. MG1655, complete genome. 4641652bp [4552771, 4553775]" 
[85]	"b0081|Escherichia coli str. K-12 substr. MG1655, complete genome. 4641652bp [4551711, 4552169]" 
[86]	"b0082|Escherichia coli str. K-12 substr. MG1655, complete genome. 4641652bp [4550768, 4551709]" 
[87]	"b0083|Escherichia coli str. K-12 substr. MG1655, complete genome. 4641652bp [4550406, 4550771]" 
[88]	"b0084|Escherichia coli str. K-12 substr. MG1655, complete genome. 4641652bp [4548624, 4550390]" 
[89]	"b4810|Escherichia coli str. K-12 substr. MG1655, complete genome. 4641652bp [4549145, 4549318]" 
[90]	"b0085|Escherichia coli str. K-12 substr. MG1655, complete genome. 4641652bp [4547150, 4548637]" 
[91]	"b0086|Escherichia coli str. K-12 substr. MG1655, complete genome. 4641652bp [4545795, 4547153]" 
[92]	"b0087|Escherichia coli str. K-12 substr. MG1655, complete genome. 4641652bp [4544719, 4545801]" 
[93]	"b0088|Escherichia coli str. K-12 substr. MG1655, complete genome. 4641652bp [4543400, 4544716]" 
[94]	"b0089|Escherichia coli str. K-12 substr. MG1655, complete genome. 4641652bp [4542156, 4543400]" 
[95]	"b0090|Escherichia coli str. K-12 substr. MG1655, complete genome. 4641652bp [4541092, 4542159]" 
[96]	"b0091|Escherichia coli str. K-12 substr. MG1655, complete genome. 4641652bp [4539563, 4541038]" 
[97]	"b0092|Escherichia coli str. K-12 substr. MG1655, complete genome. 4641652bp [4538650, 4539570]" 
[98]	"b0093|Escherichia coli str. K-12 substr. MG1655, complete genome. 4641652bp [4537818, 4538648]" 
[99]	"b0094|Escherichia coli str. K-12 substr. MG1655, complete genome. 4641652bp [4536559, 4537821]" 
[100]	"b0095|Escherichia coli str. K-12 substr. MG1655, complete genome. 4641652bp [4535347, 4536498]" 
[ reached getOption("max.print") -- omitted 4411 entries ]
[1]	""b0149" data was duplicated!"                                      
[2]	"annotation.genomics.R#_interop::.write.PTT_tabular\[FeatureGenes]" 
[1]	""b0470" data was duplicated!"                                      
[2]	"annotation.genomics.R#_interop::.write.PTT_tabular\[FeatureGenes]" 
[1]	""b0484" data was duplicated!"                                      
[2]	"annotation.genomics.R#_interop::.write.PTT_tabular\[FeatureGenes]" 
[1]	""b1120" data was duplicated!"                                      
[2]	"annotation.genomics.R#_interop::.write.PTT_tabular\[FeatureGenes]" 
[1]	""b1888" data was duplicated!"                                      
[2]	"annotation.genomics.R#_interop::.write.PTT_tabular\[FeatureGenes]" 
[1]	""b2592" data was duplicated!"                                      
[2]	"annotation.genomics.R#_interop::.write.PTT_tabular\[FeatureGenes]" 
[1]	""b3168" data was duplicated!"                                      
[2]	"annotation.genomics.R#_interop::.write.PTT_tabular\[FeatureGenes]" 
[1]	""b4795" data was duplicated!"                                      
[2]	"annotation.genomics.R#_interop::.write.PTT_tabular\[FeatureGenes]" 
[1]	""b4616" data was duplicated!"                                      
[2]	"annotation.genomics.R#_interop::.write.PTT_tabular\[FeatureGenes]" 
[1]	""b4346" data was duplicated!"                                      
[2]	"annotation.genomics.R#_interop::.write.PTT_tabular\[FeatureGenes]" 
[1] "[1/4511, 00 days, 00:00:00.005 | 192.49sequence/sec | 0.00seeds/sec] 0% 0 seeds | b0182|Escherichia coli str. K-12 substr. MG1655, complete genome. 4641652bp [4437307, 4438455]"
[1] "[46/4511, 00 days, 00:00:32.669 | 1.41sequence/sec | 10.50seeds/sec] 1% 343 seeds | b1295|Escherichia coli str. K-12 substr. MG1655, complete genome. 4641652bp [3283835, 3284080]"
[1] "[91/4511, 00 days, 00:01:13.753 | 1.23sequence/sec | 11.50seeds/sec] 2% 848 seeds | b0239|Escherichia coli str. K-12 substr. MG1655, complete genome. 4641652bp [4384032, 4385276]"
[1] "[136/4511, 00 days, 00:01:58.930 | 1.14sequence/sec | 11.38seeds/sec] 3% 1354 seeds | b0930|Escherichia coli str. K-12 substr. MG1655, complete genome. 4641652bp [3652518, 3653918]"
[1] "[181/4511, 00 days, 00:02:53.348 | 1.04sequence/sec | 11.23seeds/sec] 4% 1946 seeds | b2404|Escherichia coli str. K-12 substr. MG1655, complete genome. 4641652bp [2120475, 2120550]"
[1] "[226/4511, 00 days, 00:03:35.654 | 1.05sequence/sec | 11.63seeds/sec] 5% 2508 seeds | b0975|Escherichia coli str. K-12 substr. MG1655, complete genome. 4641652bp [3605446, 3606033]"
[1] "[271/4511, 00 days, 00:04:16.027 | 1.06sequence/sec | 12.11seeds/sec] 6% 3101 seeds | b3511|Escherichia coli str. K-12 substr. MG1655, complete genome. 4641652bp [984236, 984808]"
[1] "[316/4511, 00 days, 00:05:20.375 | 0.99sequence/sec | 11.60seeds/sec] 7% 3716 seeds | b3536|Escherichia coli str. K-12 substr. MG1655, complete genome. 4641652bp [943774, 945345]"
[1] "[361/4511, 00 days, 00:06:11.677 | 0.97sequence/sec | 11.66seeds/sec] 8% 4332 seeds | b3892|Escherichia coli str. K-12 substr. MG1655, complete genome. 4641652bp [559643, 560278]"
[1] "[406/4511, 00 days, 00:07:04.031 | 0.96sequence/sec | 11.80seeds/sec] 9% 5003 seeds | b0569|Escherichia coli str. K-12 substr. MG1655, complete genome. 4641652bp [4048325, 4050562]"
[1] "[451/4511, 00 days, 00:08:11.453 | 0.92sequence/sec | 11.61seeds/sec] 10% 5706 seeds | b4547|Escherichia coli str. K-12 substr. MG1655, complete genome. 4641652bp [2048841, 2049041]"
[1] "[496/4511, 00 days, 00:09:20.608 | 0.88sequence/sec | 11.30seeds/sec] 11% 6333 seeds | b0610|Escherichia coli str. K-12 substr. MG1655, complete genome. 4641652bp [3997536, 3997946]"
[1] "[541/4511, 00 days, 00:10:20.228 | 0.87sequence/sec | 11.26seeds/sec] 12% 6983 seeds | b0028|Escherichia coli str. K-12 substr. MG1655, complete genome. 4641652bp [4615528, 4615977]"
[1] "[586/4511, 00 days, 00:11:39.267 | 0.84sequence/sec | 10.95seeds/sec] 13% 7656 seeds | b0369|Escherichia coli str. K-12 substr. MG1655, complete genome. 4641652bp [4251776, 4252750]"
[1] "[631/4511, 00 days, 00:12:22.395 | 0.85sequence/sec | 11.31seeds/sec] 14% 8396 seeds | b2753|Escherichia coli str. K-12 substr. MG1655, complete genome. 4641652bp [1764185, 1765222]"
[1] "[676/4511, 00 days, 00:13:15.963 | 0.85sequence/sec | 11.44seeds/sec] 15% 9107 seeds | b0375|Escherichia coli str. K-12 substr. MG1655, complete genome. 4641652bp [4246674, 4247297]"
[1] "[721/4511, 00 days, 00:14:17.886 | 0.84sequence/sec | 11.38seeds/sec] 16% 9759 seeds | b2758|Escherichia coli str. K-12 substr. MG1655, complete genome. 4641652bp [1759361, 1760452]"
[1] "[766/4511, 00 days, 00:14:59.792 | 0.85sequence/sec | 11.68seeds/sec] 17% 10513 seeds | b0380|Escherichia coli str. K-12 substr. MG1655, complete genome. 4641652bp [4241998, 4242210]"
[1] "[811/4511, 00 days, 00:16:11.837 | 0.83sequence/sec | 11.47seeds/sec] 18% 11148 seeds | b2762|Escherichia coli str. K-12 substr. MG1655, complete genome. 4641652bp [1753191, 1753925]"
[1] "[856/4511, 00 days, 00:17:02.820 | 0.84sequence/sec | 11.61seeds/sec] 19% 11876 seeds | b0385|Escherichia coli str. K-12 substr. MG1655, complete genome. 4641652bp [4236985, 4238100]"
[1] "[901/4511, 00 days, 00:18:00.666 | 0.83sequence/sec | 11.74seeds/sec] 20% 12687 seeds | b2767|Escherichia coli str. K-12 substr. MG1655, complete genome. 4641652bp [1747624, 1747884]"
[1] "[946/4511, 00 days, 00:18:58.260 | 0.83sequence/sec | 11.75seeds/sec] 21% 13379 seeds | b0390|Escherichia coli str. K-12 substr. MG1655, complete genome. 4641652bp [4233698, 4234375]"
[1] "[991/4511, 00 days, 00:19:53.467 | 0.83sequence/sec | 11.84seeds/sec] 22% 14134 seeds | b4463|Escherichia coli str. K-12 substr. MG1655, complete genome. 4641652bp [1742085, 1743539]"
[1] "[1036/4511, 00 days, 00:21:03.257 | 0.82sequence/sec | 11.80seeds/sec] 23% 14909 seeds | b0396|Escherichia coli str. K-12 substr. MG1655, complete genome. 4641652bp [4229022, 4230206]"
[1] "[1081/4511, 00 days, 00:22:19.926 | 0.81sequence/sec | 11.70seeds/sec] 24% 15679 seeds | b4682|Escherichia coli str. K-12 substr. MG1655, complete genome. 4641652bp [1736106, 1736246]"
[1] "[1126/4511, 00 days, 00:23:25.772 | 0.80sequence/sec | 11.70seeds/sec] 25% 16452 seeds | b0401|Escherichia coli str. K-12 substr. MG1655, complete genome. 4641652bp [4220893, 4222212]"
[1] "[1171/4511, 00 days, 00:24:51.146 | 0.79sequence/sec | 11.49seeds/sec] 26% 17135 seeds | b2782|Escherichia coli str. K-12 substr. MG1655, complete genome. 4641652bp [1730412, 1730747]"
[1] "[1216/4511, 00 days, 00:26:02.968 | 0.78sequence/sec | 11.48seeds/sec] 27% 17948 seeds | b0406|Escherichia coli str. K-12 substr. MG1655, complete genome. 4641652bp [4214539, 4215666]"
[1] "[1261/4511, 00 days, 00:27:07.775 | 0.77sequence/sec | 11.50seeds/sec] 28% 18718 seeds | b2787|Escherichia coli str. K-12 substr. MG1655, complete genome. 4641652bp [1722118, 1723458]"
[1] "[1306/4511, 00 days, 00:28:39.905 | 0.76sequence/sec | 11.34seeds/sec] 29% 19508 seeds | b0411|Escherichia coli str. K-12 substr. MG1655, complete genome. 4641652bp [4209490, 4210374]"
[1] "[1351/4511, 00 days, 00:29:43.106 | 0.76sequence/sec | 11.35seeds/sec] 30% 20241 seeds | b2792|Escherichia coli str. K-12 substr. MG1655, complete genome. 4641652bp [1717390, 1717719]"
[1] "[1396/4511, 00 days, 00:30:44.862 | 0.76sequence/sec | 11.39seeds/sec] 31% 21021 seeds | b0416|Escherichia coli str. K-12 substr. MG1655, complete genome. 4641652bp [4206247, 4206666]"
[1] "[1441/4511, 00 days, 00:31:49.968 | 0.75sequence/sec | 11.39seeds/sec] 32% 21748 seeds | b2796|Escherichia coli str. K-12 substr. MG1655, complete genome. 4641652bp [1712285, 1713574]"
[1] "[1486/4511, 00 days, 00:33:08.600 | 0.75sequence/sec | 11.36seeds/sec] 33% 22583 seeds | b0292|Escherichia coli str. K-12 substr. MG1655, complete genome. 4641652bp [4331477, 4332145]"
[1] "[1531/4511, 00 days, 00:34:11.802 | 0.75sequence/sec | 11.35seeds/sec] 34% 23296 seeds | b1690|Escherichia coli str. K-12 substr. MG1655, complete genome. 4641652bp [2869518, 2870732]"
[1] "[1576/4511, 00 days, 00:35:22.364 | 0.74sequence/sec | 11.36seeds/sec] 35% 24100 seeds | b3605|Escherichia coli str. K-12 substr. MG1655, complete genome. 4641652bp [860786, 861976]"
[1] "[1621/4511, 00 days, 00:36:29.705 | 0.74sequence/sec | 11.33seeds/sec] 36% 24804 seeds | b4814|Escherichia coli str. K-12 substr. MG1655, complete genome. 4641652bp [3803972, 3804068]"
[1] "[1666/4511, 00 days, 00:37:30.033 | 0.74sequence/sec | 11.36seeds/sec] 37% 25570 seeds | b2065|Escherichia coli str. K-12 substr. MG1655, complete genome. 4641652bp [2499288, 2499869]"
[1] "[1711/4511, 00 days, 00:38:36.671 | 0.74sequence/sec | 11.41seeds/sec] 38% 26435 seeds | b3978|Escherichia coli str. K-12 substr. MG1655, complete genome. 4641652bp [466056, 466130]"
[1] "[1756/4511, 00 days, 00:39:46.496 | 0.74sequence/sec | 11.37seeds/sec] 39% 27128 seeds | b3982|Escherichia coli str. K-12 substr. MG1655, complete genome. 4641652bp [463515, 464060]"
[1] "[1801/4511, 00 days, 00:40:49.363 | 0.74sequence/sec | 11.38seeds/sec] 40% 27882 seeds | b1136|Escherichia coli str. K-12 substr. MG1655, complete genome. 4641652bp [3445430, 3446680]"
[1] "[1846/4511, 00 days, 00:41:40.818 | 0.74sequence/sec | 11.50seeds/sec] 41% 28764 seeds | b2267|Escherichia coli str. K-12 substr. MG1655, complete genome. 4641652bp [2259960, 2260421]"
[1] "[1891/4511, 00 days, 00:42:41.112 | 0.74sequence/sec | 11.56seeds/sec] 42% 29599 seeds | b0826|Escherichia coli str. K-12 substr. MG1655, complete genome. 4641652bp [3776374, 3777123]"
[1] "[1936/4511, 00 days, 00:43:40.768 | 0.74sequence/sec | 11.59seeds/sec] 43% 30364 seeds | b1908|Escherichia coli str. K-12 substr. MG1655, complete genome. 4641652bp [2649884, 2650549]"
[1] "[1981/4511, 00 days, 00:44:49.258 | 0.74sequence/sec | 11.61seeds/sec] 44% 31210 seeds | b4319|Escherichia coli str. K-12 substr. MG1655, complete genome. 4641652bp [93015, 93518]"
[1] "[2026/4511, 00 days, 00:45:47.191 | 0.74sequence/sec | 11.67seeds/sec] 45% 32051 seeds | b1743|Escherichia coli str. K-12 substr. MG1655, complete genome. 4641652bp [2815878, 2816363]"
[1] "[2071/4511, 00 days, 00:46:49.455 | 0.74sequence/sec | 11.70seeds/sec] 46% 32873 seeds | b4024|Escherichia coli str. K-12 substr. MG1655, complete genome. 4641652bp [408270, 409619]"
[1] "[2116/4511, 00 days, 00:47:43.349 | 0.74sequence/sec | 11.78seeds/sec] 47% 33738 seeds | b4335|Escherichia coli str. K-12 substr. MG1655, complete genome. 4641652bp [75653, 76804]"
[1] "[2161/4511, 00 days, 00:48:48.504 | 0.74sequence/sec | 11.81seeds/sec] 48% 34582 seeds | b2314|Escherichia coli str. K-12 substr. MG1655, complete genome. 4641652bp [2209819, 2210481]"
[1] "[2206/4511, 00 days, 00:50:00.683 | 0.74sequence/sec | 11.79seeds/sec] 49% 35364 seeds | b2828|Escherichia coli str. K-12 substr. MG1655, complete genome. 4641652bp [1675466, 1676341]"
[1] "[2251/4511, 00 days, 00:51:17.617 | 0.73sequence/sec | 11.75seeds/sec] 50% 36147 seeds | b0902|Escherichia coli str. K-12 substr. MG1655, complete genome. 4641652bp [3690423, 3691163]"
[1] "[2296/4511, 00 days, 00:52:26.015 | 0.73sequence/sec | 11.76seeds/sec] 51% 36982 seeds | b0917|Escherichia coli str. K-12 substr. MG1655, complete genome. 4641652bp [3670948, 3671130]"
[1] "[2341/4511, 00 days, 00:53:51.051 | 0.72sequence/sec | 11.69seeds/sec] 52% 37774 seeds | b4598|Escherichia coli str. K-12 substr. MG1655, complete genome. 4641652bp [3124309, 3124404]"
[1] "[2386/4511, 00 days, 00:54:56.657 | 0.72sequence/sec | 11.72seeds/sec] 53% 38641 seeds | b3757|Escherichia coli str. K-12 substr. MG1655, complete genome. 4641652bp [698293, 698368]"
[1] "[2431/4511, 00 days, 00:56:19.477 | 0.72sequence/sec | 11.69seeds/sec] 54% 39518 seeds | b2889|Escherichia coli str. K-12 substr. MG1655, complete genome. 4641652bp [1608190, 1608738]"
[1] "[2476/4511, 00 days, 00:57:23.039 | 0.72sequence/sec | 11.70seeds/sec] 55% 40300 seeds | b2933|Escherichia coli str. K-12 substr. MG1655, complete genome. 4641652bp [1562644, 1564032]"
[1] "[2521/4511, 00 days, 00:58:29.169 | 0.72sequence/sec | 11.74seeds/sec] 56% 41188 seeds | b2568|Escherichia coli str. K-12 substr. MG1655, complete genome. 4641652bp [1936194, 1937168]"
[1] "[2566/4511, 00 days, 00:59:31.851 | 0.72sequence/sec | 11.78seeds/sec] 57% 42072 seeds | b4349|Escherichia coli str. K-12 substr. MG1655, complete genome. 4641652bp [58455, 60044]"
[1] "[2611/4511, 00 days, 01:00:42.436 | 0.72sequence/sec | 11.79seeds/sec] 58% 42939 seeds | b1093|Escherichia coli str. K-12 substr. MG1655, complete genome. 4641652bp [3490399, 3491133]"
[1] "[2656/4511, 00 days, 01:01:43.886 | 0.72sequence/sec | 11.83seeds/sec] 59% 43821 seeds | b1176|Escherichia coli str. K-12 substr. MG1655, complete genome. 4641652bp [3415423, 3416118]"
[1] "[2701/4511, 00 days, 01:02:36.368 | 0.72sequence/sec | 11.93seeds/sec] 60% 44829 seeds | b3368|Escherichia coli str. K-12 substr. MG1655, complete genome. 4641652bp [1142602, 1143975]"
[1] "[2746/4511, 00 days, 01:03:40.033 | 0.72sequence/sec | 11.97seeds/sec] 61% 45711 seeds | b4383|Escherichia coli str. K-12 substr. MG1655, complete genome. 4641652bp [20977, 22200]"
[1] "[2791/4511, 00 days, 01:04:59.246 | 0.72sequence/sec | 11.95seeds/sec] 62% 46583 seeds | b1201|Escherichia coli str. K-12 substr. MG1655, complete genome. 4641652bp [3388818, 3390737]"
[1] "[2836/4511, 00 days, 01:06:09.381 | 0.71sequence/sec | 11.95seeds/sec] 63% 47450 seeds | b3400|Escherichia coli str. K-12 substr. MG1655, complete genome. 4641652bp [1112054, 1112455]"
[1] "[2881/4511, 00 days, 01:07:10.521 | 0.71sequence/sec | 12.00seeds/sec] 64% 48351 seeds | b3413|Escherichia coli str. K-12 substr. MG1655, complete genome. 4641652bp [1096238, 1096921]"
[1] "[2926/4511, 00 days, 01:08:47.299 | 0.71sequence/sec | 11.93seeds/sec] 65% 49247 seeds | b3813|Escherichia coli str. K-12 substr. MG1655, complete genome. 4641652bp [641658, 643820]"
[1] "[2971/4511, 00 days, 01:09:58.094 | 0.71sequence/sec | 11.95seeds/sec] 66% 50148 seeds | b3845|Escherichia coli str. K-12 substr. MG1655, complete genome. 4641652bp [612731, 613894]"
[1] "[3016/4511, 00 days, 01:11:09.984 | 0.71sequence/sec | 11.96seeds/sec] 67% 51063 seeds | b2634|Escherichia coli str. K-12 substr. MG1655, complete genome. 4641652bp [1871399, 1872100]"
[1] "[3061/4511, 00 days, 01:12:21.909 | 0.70sequence/sec | 11.97seeds/sec] 68% 51988 seeds | b0101|Escherichia coli str. K-12 substr. MG1655, complete genome. 4641652bp [4529657, 4529854]"
[1] "[3106/4511, 00 days, 01:13:36.088 | 0.70sequence/sec | 11.98seeds/sec] 69% 52886 seeds | b2690|Escherichia coli str. K-12 substr. MG1655, complete genome. 4641652bp [1824000, 1824566]"
[1] "[3151/4511, 00 days, 01:14:53.519 | 0.70sequence/sec | 11.97seeds/sec] 70% 53770 seeds | b2111|Escherichia coli str. K-12 substr. MG1655, complete genome. 4641652bp [2449281, 2449823]"
[1] "[3196/4511, 00 days, 01:16:16.750 | 0.70sequence/sec | 11.94seeds/sec] 71% 54629 seeds | b2131|Escherichia coli str. K-12 substr. MG1655, complete genome. 4641652bp [2422022, 2422939]"
[1] "[3241/4511, 00 days, 01:17:38.122 | 0.70sequence/sec | 11.90seeds/sec] 72% 55434 seeds | b0473|Escherichia coli str. K-12 substr. MG1655, complete genome. 4641652bp [4144809, 4146683]"
[1] "[3286/4511, 00 days, 01:18:49.397 | 0.69sequence/sec | 11.90seeds/sec] 73% 56289 seeds | b0487|Escherichia coli str. K-12 substr. MG1655, complete genome. 4641652bp [4127403, 4127810]"
[1] "[3331/4511, 00 days, 01:19:57.360 | 0.69sequence/sec | 11.91seeds/sec] 74% 57155 seeds | b3010|Escherichia coli str. K-12 substr. MG1655, complete genome. 4641652bp [1486285, 1487241]"
[1] "[3376/4511, 00 days, 01:20:54.753 | 0.70sequence/sec | 11.97seeds/sec] 75% 58105 seeds | b1235|Escherichia coli str. K-12 substr. MG1655, complete genome. 4641652bp [3350548, 3351561]"
[1] "[3421/4511, 00 days, 01:22:01.697 | 0.70sequence/sec | 11.99seeds/sec] 76% 59006 seeds | b0314|Escherichia coli str. K-12 substr. MG1655, complete genome. 4641652bp [4310307, 4312340]"
[1] "[3466/4511, 00 days, 01:22:56.139 | 0.70sequence/sec | 12.04seeds/sec] 77% 59922 seeds | b0328|Escherichia coli str. K-12 substr. MG1655, complete genome. 4641652bp [4295166, 4295837]"
[1] "[3511/4511, 00 days, 01:24:20.903 | 0.69sequence/sec | 12.01seeds/sec] 78% 60761 seeds | b1276|Escherichia coli str. K-12 substr. MG1655, complete genome. 4641652bp [3303297, 3305972]"
[1] "[3556/4511, 00 days, 01:25:22.323 | 0.69sequence/sec | 12.03seeds/sec] 79% 61621 seeds | b0137|Escherichia coli str. K-12 substr. MG1655, complete genome. 4641652bp [4489272, 4489877]"
[1] "[3601/4511, 00 days, 01:26:40.658 | 0.69sequence/sec | 12.01seeds/sec] 80% 62470 seeds | b0179|Escherichia coli str. K-12 substr. MG1655, complete genome. 4641652bp [4439807, 4440832]"
[1] "[3646/4511, 00 days, 01:27:52.422 | 0.69sequence/sec | 12.04seeds/sec] 81% 63467 seeds | b3104|Escherichia coli str. K-12 substr. MG1655, complete genome. 4641652bp [1388536, 1388892]"
[1] "[3691/4511, 00 days, 01:29:06.303 | 0.69sequence/sec | 12.03seeds/sec] 82% 64305 seeds | b0648|Escherichia coli str. K-12 substr. MG1655, complete genome. 4641652bp [3961588, 3962295]"
[1] "[3736/4511, 00 days, 01:30:02.660 | 0.69sequence/sec | 12.07seeds/sec] 83% 65219 seeds | b4775|Escherichia coli str. K-12 substr. MG1655, complete genome. 4641652bp [3018958, 3019062]"
[1] "[3781/4511, 00 days, 01:30:38.803 | 0.70sequence/sec | 12.17seeds/sec] 84% 66186 seeds | b1571|Escherichia coli str. K-12 substr. MG1655, complete genome. 4641652bp [2993140, 2993295]"
[1] "[3826/4511, 00 days, 01:31:36.762 | 0.70sequence/sec | 12.22seeds/sec] 85% 67149 seeds | b2356|Escherichia coli str. K-12 substr. MG1655, complete genome. 4641652bp [2169116, 2169391]"
[1] "[3871/4511, 00 days, 01:32:45.674 | 0.70sequence/sec | 12.22seeds/sec] 86% 68007 seeds | b3460|Escherichia coli str. K-12 substr. MG1655, complete genome. 4641652bp [1041845, 1042948]"
[1] "[3916/4511, 00 days, 01:34:04.988 | 0.69sequence/sec | 12.20seeds/sec] 87% 68873 seeds | b3619|Escherichia coli str. K-12 substr. MG1655, complete genome. 4641652bp [846884, 847816]"
[1] "[3961/4511, 00 days, 01:35:18.708 | 0.69sequence/sec | 12.22seeds/sec] 88% 69875 seeds | b4797|Escherichia coli str. K-12 substr. MG1655, complete genome. 4641652bp [802802, 802861]"
[1] "[4006/4511, 00 days, 01:36:41.538 | 0.69sequence/sec | 12.20seeds/sec] 89% 70802 seeds | b2167|Escherichia coli str. K-12 substr. MG1655, complete genome. 4641652bp [2380093, 2381784]"
[1] "[4051/4511, 00 days, 01:37:54.850 | 0.69sequence/sec | 12.21seeds/sec] 90% 71708 seeds | b1601|Escherichia coli str. K-12 substr. MG1655, complete genome. 4641652bp [2966856, 2967890]"
[1] "[4096/4511, 00 days, 01:39:20.027 | 0.69sequence/sec | 12.20seeds/sec] 91% 72686 seeds | b2507|Escherichia coli str. K-12 substr. MG1655, complete genome. 4641652bp [2008968, 2010545]"
[1] "[4141/4511, 00 days, 01:40:33.798 | 0.69sequence/sec | 12.20seeds/sec] 92% 73613 seeds | b2547|Escherichia coli str. K-12 substr. MG1655, complete genome. 4641652bp [1963142, 1964653]"
[1] "[4186/4511, 00 days, 01:41:53.720 | 0.68sequence/sec | 12.19seeds/sec] 93% 74500 seeds | b0535|Escherichia coli str. K-12 substr. MG1655, complete genome. 4641652bp [4077023, 4077655]"
[1] "[4231/4511, 00 days, 01:42:56.055 | 0.69sequence/sec | 12.22seeds/sec] 94% 75480 seeds | b1773|Escherichia coli str. K-12 substr. MG1655, complete genome. 4641652bp [2783734, 2784570]"
[1] "[4276/4511, 00 days, 01:44:05.708 | 0.68sequence/sec | 12.23seeds/sec] 95% 76384 seeds | b1782|Escherichia coli str. K-12 substr. MG1655, complete genome. 4641652bp [2775031, 2775777]"
[1] "[4321/4511, 00 days, 01:45:23.896 | 0.68sequence/sec | 12.22seeds/sec] 96% 77292 seeds | b1793|Escherichia coli str. K-12 substr. MG1655, complete genome. 4641652bp [2763971, 2764225]"
[1] "[4366/4511, 00 days, 01:46:33.834 | 0.68sequence/sec | 12.24seeds/sec] 97% 78235 seeds | b2729|Escherichia coli str. K-12 substr. MG1655, complete genome. 4641652bp [1788546, 1789667]"
[1] "[4411/4511, 00 days, 01:47:54.189 | 0.68sequence/sec | 12.24seeds/sec] 98% 79219 seeds | b4206|Escherichia coli str. K-12 substr. MG1655, complete genome. 4641652bp [212786, 213424]"
[1] "[4456/4511, 00 days, 01:49:02.498 | 0.68sequence/sec | 12.25seeds/sec] 99% 80141 seeds | b1948|Escherichia coli str. K-12 substr. MG1655, complete genome. 4641652bp [2619197, 2619934]"
[1] "[4501/4511, 00 days, 01:50:14.143 | 0.68sequence/sec | 12.27seeds/sec] 100% 81131 seeds | b1997|Escherichia coli str. K-12 substr. MG1655, complete genome. 4641652bp [2571323, 2571688]"
[1] "create 81311 seeds..."
[1] "create motif cluster tree!"
[1] "populate motifs..."
